Performing C SOURCE FILE Test CMAKE_HAVE_LIBC_PTHREAD failed with the following output:
Change Dir: /home/kolian/dev/Network-Load-Balancer/build/CMakeFiles/CMakeTmp

Run Build Command(s):/usr/bin/gmake -f Makefile cmTC_625f4/fast && /usr/bin/gmake  -f CMakeFiles/cmTC_625f4.dir/build.make CMakeFiles/cmTC_625f4.dir/build
gmake[1]: вход в каталог «/home/kolian/dev/Network-Load-Balancer/build/CMakeFiles/CMakeTmp»
Building C object CMakeFiles/cmTC_625f4.dir/src.c.o
/usr/bin/cc -DCMAKE_HAVE_LIBC_PTHREAD   -o CMakeFiles/cmTC_625f4.dir/src.c.o -c /home/kolian/dev/Network-Load-Balancer/build/CMakeFiles/CMakeTmp/src.c
Linking C executable cmTC_625f4
/usr/bin/cmake -E cmake_link_script CMakeFiles/cmTC_625f4.dir/link.txt --verbose=1
/usr/bin/cc CMakeFiles/cmTC_625f4.dir/src.c.o -o cmTC_625f4 
/usr/lib/gcc/x86_64-pc-linux-gnu/10.3.0/../../../../x86_64-pc-linux-gnu/bin/ld: CMakeFiles/cmTC_625f4.dir/src.c.o: в функции «main»:
src.c:(.text+0x3e): неопределённая ссылка на «pthread_create»
/usr/lib/gcc/x86_64-pc-linux-gnu/10.3.0/../../../../x86_64-pc-linux-gnu/bin/ld: src.c:(.text+0x4a): неопределённая ссылка на «pthread_detach»
/usr/lib/gcc/x86_64-pc-linux-gnu/10.3.0/../../../../x86_64-pc-linux-gnu/bin/ld: src.c:(.text+0x56): неопределённая ссылка на «pthread_cancel»
/usr/lib/gcc/x86_64-pc-linux-gnu/10.3.0/../../../../x86_64-pc-linux-gnu/bin/ld: src.c:(.text+0x67): неопределённая ссылка на «pthread_join»
collect2: ошибка: выполнение ld завершилось с кодом возврата 1
gmake[1]: *** [CMakeFiles/cmTC_625f4.dir/build.make:99: cmTC_625f4] Ошибка 1
gmake[1]: выход из каталога «/home/kolian/dev/Network-Load-Balancer/build/CMakeFiles/CMakeTmp»
gmake: *** [Makefile:127: cmTC_625f4/fast] Ошибка 2


Source file was:
#include <pthread.h>

static void* test_func(void* data)
{
  return data;
}

int main(void)
{
  pthread_t thread;
  pthread_create(&thread, NULL, test_func, NULL);
  pthread_detach(thread);
  pthread_cancel(thread);
  pthread_join(thread, NULL);
  pthread_atfork(NULL, NULL, NULL);
  pthread_exit(NULL);

  return 0;
}

Determining if the function pthread_create exists in the pthreads failed with the following output:
Change Dir: /home/kolian/dev/Network-Load-Balancer/build/CMakeFiles/CMakeTmp

Run Build Command(s):/usr/bin/gmake -f Makefile cmTC_e785d/fast && /usr/bin/gmake  -f CMakeFiles/cmTC_e785d.dir/build.make CMakeFiles/cmTC_e785d.dir/build
gmake[1]: вход в каталог «/home/kolian/dev/Network-Load-Balancer/build/CMakeFiles/CMakeTmp»
Building C object CMakeFiles/cmTC_e785d.dir/CheckFunctionExists.c.o
/usr/bin/cc   -DCHECK_FUNCTION_EXISTS=pthread_create -o CMakeFiles/cmTC_e785d.dir/CheckFunctionExists.c.o -c /usr/share/cmake/Modules/CheckFunctionExists.c
Linking C executable cmTC_e785d
/usr/bin/cmake -E cmake_link_script CMakeFiles/cmTC_e785d.dir/link.txt --verbose=1
/usr/bin/cc  -DCHECK_FUNCTION_EXISTS=pthread_create CMakeFiles/cmTC_e785d.dir/CheckFunctionExists.c.o -o cmTC_e785d  -lpthreads 
/usr/lib/gcc/x86_64-pc-linux-gnu/10.3.0/../../../../x86_64-pc-linux-gnu/bin/ld: невозможно найти -lpthreads
collect2: ошибка: выполнение ld завершилось с кодом возврата 1
gmake[1]: *** [CMakeFiles/cmTC_e785d.dir/build.make:99: cmTC_e785d] Ошибка 1
gmake[1]: выход из каталога «/home/kolian/dev/Network-Load-Balancer/build/CMakeFiles/CMakeTmp»
gmake: *** [Makefile:127: cmTC_e785d/fast] Ошибка 2



